<?xml version="1.0" encoding="UTF-8"?>
<!-- Generated by org.testng.reporters.JUnitXMLReporter -->
<testsuite ignored="0" hostname="LAPTOP-ACNC7J37" failures="0" tests="5" name="Surefire test" time="0.026" errors="0" timestamp="04 Dec 2020 14:16:59 GMT">
  <testcase classname="clickacademy.javamaven.AppiumTest" name="Apptest" time="0.006"/>
  <testcase classname="clickacademy.javamaven.AppiumTest" name="netliveandroid" time="0.001"/>
  <testcase classname="clickacademy.javamaven.SeleniumTest" name="Automation" time="0.001"/>
  <testcase classname="clickacademy.javamaven.SeleniumTest" name="BrowserAutomation" time="0.001"/>
  <testcase classname="clickacademy.javamaven.SeleniumTest" name="elementsUI" time="0.002"/>
</testsuite> <!-- Surefire test -->
