<?xml version="1.0" encoding="UTF-8"?>
<!-- Generated by org.testng.reporters.JUnitXMLReporter -->
<testsuite ignored="0" hostname="LAPTOP-ACNC7J37" failures="0" tests="3" name="Default test" time="0.096" errors="0" timestamp="2020-12-03T11:54:57 IST">
  <testcase classname="clickacademy.javamaven.AppiumTest" name="Apptest" time="0.009"/>
  <testcase classname="clickacademy.javamaven.AppiumTest" name="android" time="0.001"/>
  <testcase classname="clickacademy.javamaven.AppiumTest" name="netliveandroid" time="0.002"/>
</testsuite> <!-- Default test -->
