<?xml version="1.0" encoding="UTF-8"?>
<!-- Generated by org.testng.reporters.JUnitXMLReporter -->
<testsuite ignored="0" hostname="LAPTOP-ACNC7J37" failures="0" tests="6" name="Test" time="0.043" errors="0" timestamp="06 Dec 2020 06:15:56 GMT">
  <testcase classname="clickacademy.javamaven.SeleniumTest" name="Automation" time="0.008"/>
  <testcase classname="clickacademy.javamaven.SeleniumTest" name="BrowserAutomation" time="0.0"/>
  <testcase classname="clickacademy.javamaven.SeleniumTest" name="elementsUI" time="0.0"/>
  <testcase classname="clickacademy.javamaven.AppiumTest" name="Apptest" time="0.0"/>
  <testcase classname="clickacademy.javamaven.AppiumTest" name="android" time="0.0"/>
  <testcase classname="clickacademy.javamaven.AppiumTest" name="netliveandroid" time="0.0"/>
</testsuite> <!-- Test -->
