<?xml version="1.0" encoding="UTF-8" ?>
<testsuite tests="6" failures="0" name="TestSuite" time="0.007" errors="0" skipped="0">
  <properties>
[...]
</properties>
  <testcase classname="clickacademy.javamaven.AppiumTest" name="Apptest" time="0.006"/>
  <testcase classname="clickacademy.javamaven.AppiumTest" name="android" time="0"/>
  <testcase classname="clickacademy.javamaven.AppiumTest" name="netliveandroid" time="0"/>
  <testcase classname="clickacademy.javamaven.SeleniumTest" name="Automation" time="0"/>
  <testcase classname="clickacademy.javamaven.SeleniumTest" name="BrowserAutomation" time="0.001"/>
  <testcase classname="clickacademy.javamaven.SeleniumTest" name="elementsUI" time="0"/>
</testsuite>