<?xml version="1.0" encoding="UTF-8"?>
<testng-results ignored="0" total="6" passed="6" failed="0" skipped="0">
  <reporter-output>
  </reporter-output>
  <suite started-at="2020-12-06T06:16:02Z" name="Command line suite" finished-at="2020-12-06T06:16:02Z" duration-ms="27">
    <groups>
    </groups>
    <test started-at="2020-12-06T06:16:02Z" name="Command line test" finished-at="2020-12-06T06:16:02Z" duration-ms="27">
      <class name="clickacademy.javamaven.SeleniumTest">
        <test-method signature="Automation()[pri:0, instance:clickacademy.javamaven.SeleniumTest@27808f31]" started-at="2020-12-06T11:46:02Z" name="Automation" finished-at="2020-12-06T11:46:02Z" duration-ms="1" status="PASS">
          <reporter-output>
          </reporter-output>
        </test-method> <!-- Automation -->
        <test-method signature="BrowserAutomation()[pri:0, instance:clickacademy.javamaven.SeleniumTest@27808f31]" started-at="2020-12-06T11:46:02Z" name="BrowserAutomation" finished-at="2020-12-06T11:46:02Z" duration-ms="0" status="PASS">
          <reporter-output>
          </reporter-output>
        </test-method> <!-- BrowserAutomation -->
        <test-method signature="elementsUI()[pri:0, instance:clickacademy.javamaven.SeleniumTest@27808f31]" started-at="2020-12-06T11:46:02Z" name="elementsUI" finished-at="2020-12-06T11:46:02Z" duration-ms="1" status="PASS">
          <reporter-output>
          </reporter-output>
        </test-method> <!-- elementsUI -->
      </class> <!-- clickacademy.javamaven.SeleniumTest -->
      <class name="clickacademy.javamaven.AppiumTest">
        <test-method signature="Apptest()[pri:0, instance:clickacademy.javamaven.AppiumTest@36b4cef0]" started-at="2020-12-06T11:46:02Z" name="Apptest" finished-at="2020-12-06T11:46:02Z" duration-ms="5" status="PASS">
          <reporter-output>
          </reporter-output>
        </test-method> <!-- Apptest -->
        <test-method signature="android()[pri:0, instance:clickacademy.javamaven.AppiumTest@36b4cef0]" started-at="2020-12-06T11:46:02Z" name="android" finished-at="2020-12-06T11:46:02Z" duration-ms="1" status="PASS">
          <reporter-output>
          </reporter-output>
        </test-method> <!-- android -->
        <test-method signature="netliveandroid()[pri:0, instance:clickacademy.javamaven.AppiumTest@36b4cef0]" started-at="2020-12-06T11:46:02Z" name="netliveandroid" finished-at="2020-12-06T11:46:02Z" duration-ms="0" status="PASS">
          <reporter-output>
          </reporter-output>
        </test-method> <!-- netliveandroid -->
      </class> <!-- clickacademy.javamaven.AppiumTest -->
    </test> <!-- Command line test -->
  </suite> <!-- Command line suite -->
</testng-results>
