<?xml version="1.0" encoding="UTF-8"?>
<testng-results ignored="0" total="3" passed="3" failed="0" skipped="0">
  <reporter-output>
  </reporter-output>
  <suite started-at="2020-12-03T11:54:57 IST" name="Default suite" finished-at="2020-12-03T11:54:57 IST" duration-ms="96">
    <groups>
    </groups>
    <test started-at="2020-12-03T11:54:57 IST" name="Default test" finished-at="2020-12-03T11:54:57 IST" duration-ms="96">
      <class name="clickacademy.javamaven.AppiumTest">
        <test-method signature="Apptest()[pri:0, instance:clickacademy.javamaven.AppiumTest@6d2a209c]" started-at="2020-12-03T11:54:57 IST" name="Apptest" finished-at="2020-12-03T11:54:57 IST" duration-ms="9" status="PASS">
          <reporter-output>
          </reporter-output>
        </test-method> <!-- Apptest -->
        <test-method signature="android()[pri:0, instance:clickacademy.javamaven.AppiumTest@6d2a209c]" started-at="2020-12-03T11:54:57 IST" name="android" finished-at="2020-12-03T11:54:57 IST" duration-ms="1" status="PASS">
          <reporter-output>
          </reporter-output>
        </test-method> <!-- android -->
        <test-method signature="netliveandroid()[pri:0, instance:clickacademy.javamaven.AppiumTest@6d2a209c]" started-at="2020-12-03T11:54:57 IST" name="netliveandroid" finished-at="2020-12-03T11:54:57 IST" duration-ms="2" status="PASS">
          <reporter-output>
          </reporter-output>
        </test-method> <!-- netliveandroid -->
      </class> <!-- clickacademy.javamaven.AppiumTest -->
    </test> <!-- Default test -->
  </suite> <!-- Default suite -->
</testng-results>
